<?xml version="1.0" encoding="UTF-8"?>
<!-- Generated by org.testng.reporters.JUnitReportReporter -->
<testsuite skipped="0" hostname="DESKTOP-L5PC32J" name="com.crm.qa.testcases.ContactsPageTest" tests="6" failures="0" timestamp="03 Aug 2019 19:34:26 GMT" time="119.831" errors="0">
  <testcase name="verifyContactsPageLabelTest" time="18.065" classname="com.crm.qa.testcases.ContactsPageTest"/>
  <testcase name="selectContactsTest" time="16.510" classname="com.crm.qa.testcases.ContactsPageTest"/>
  <testcase name="selectMutltipleContactsTes" time="18.309" classname="com.crm.qa.testcases.ContactsPageTest"/>
  <testcase name="validateCreateNewContact" time="24.191" classname="com.crm.qa.testcases.ContactsPageTest"/>
  <testcase name="validateCreateNewContact" time="21.258" classname="com.crm.qa.testcases.ContactsPageTest"/>
  <testcase name="validateCreateNewContact" time="21.498" classname="com.crm.qa.testcases.ContactsPageTest"/>
</testsuite> <!-- com.crm.qa.testcases.ContactsPageTest -->
