<?xml version="1.0" encoding="UTF-8"?>
<!-- Generated by org.testng.reporters.JUnitReportReporter -->
<testsuite skipped="0" hostname="DESKTOP-L5PC32J" name="com.crm.qa.testcases.LoginPageTest" tests="3" failures="0" timestamp="13 Jun 2019 03:03:57 GMT" time="38.958" errors="0">
  <testcase name="loginPageTitleTest" time="10.196" classname="com.crm.qa.testcases.LoginPageTest"/>
  <testcase name="crmLogoImageTest" time="9.950" classname="com.crm.qa.testcases.LoginPageTest"/>
  <testcase name="loginTest" time="18.812" classname="com.crm.qa.testcases.LoginPageTest"/>
</testsuite> <!-- com.crm.qa.testcases.LoginPageTest -->
