<?xml version="1.0" encoding="UTF-8"?>
<!-- Generated by org.testng.reporters.JUnitReportReporter -->
<testsuite skipped="0" hostname="DESKTOP-L5PC32J" name="com.crm.qa.testcases.HomePageTest" tests="3" failures="0" timestamp="03 Aug 2019 19:34:26 GMT" time="49.823" errors="0">
  <testcase name="verifyHomePageTitleTest" time="15.305" classname="com.crm.qa.testcases.HomePageTest"/>
  <testcase name="verifyUserNameTest" time="16.879" classname="com.crm.qa.testcases.HomePageTest"/>
  <testcase name="verifyContactsLinkTest" time="17.639" classname="com.crm.qa.testcases.HomePageTest"/>
</testsuite> <!-- com.crm.qa.testcases.HomePageTest -->
