<?xml version="1.0" encoding="UTF-8"?>
<!-- Generated by org.testng.reporters.JUnitReportReporter -->
<testsuite skipped="0" hostname="DESKTOP-L5PC32J" name="com.crm.qa.testcases.HomePageTest" tests="3" failures="0" timestamp="13 Jun 2019 03:03:57 GMT" time="45.984" errors="0">
  <testcase name="verifyHomePageTitleTest" time="14.055" classname="com.crm.qa.testcases.HomePageTest"/>
  <testcase name="verifyUserNameTest" time="14.559" classname="com.crm.qa.testcases.HomePageTest"/>
  <testcase name="verifyContactsLinkTest" time="17.370" classname="com.crm.qa.testcases.HomePageTest"/>
</testsuite> <!-- com.crm.qa.testcases.HomePageTest -->
