<?xml version="1.0" encoding="UTF-8"?>
<!-- Generated by org.testng.reporters.JUnitReportReporter -->
<testsuite skipped="0" hostname="DESKTOP-L5PC32J" name="com.crm.qa.testcases.LoginPageTest" tests="3" failures="0" timestamp="03 Aug 2019 19:34:26 GMT" time="49.918" errors="0">
  <testcase name="loginPageTitleTest" time="10.262" classname="com.crm.qa.testcases.LoginPageTest"/>
  <testcase name="crmLogoImageTest" time="11.918" classname="com.crm.qa.testcases.LoginPageTest"/>
  <testcase name="loginTest" time="27.738" classname="com.crm.qa.testcases.LoginPageTest"/>
</testsuite> <!-- com.crm.qa.testcases.LoginPageTest -->
