<?xml version="1.0" encoding="UTF-8"?>
<!-- Generated by org.testng.reporters.JUnitReportReporter -->
<testsuite skipped="0" hostname="DESKTOP-L5PC32J" name="com.crm.qa.testcases.HomePageTest" tests="3" failures="0" timestamp="13 Jun 2019 04:29:30 GMT" time="49.416" errors="0">
  <testcase name="verifyHomePageTitleTest" time="16.876" classname="com.crm.qa.testcases.HomePageTest"/>
  <testcase name="verifyUserNameTest" time="15.984" classname="com.crm.qa.testcases.HomePageTest"/>
  <testcase name="verifyContactsLinkTest" time="16.556" classname="com.crm.qa.testcases.HomePageTest"/>
</testsuite> <!-- com.crm.qa.testcases.HomePageTest -->
