<?xml version="1.0" encoding="UTF-8"?>
<!-- Generated by org.testng.reporters.JUnitReportReporter -->
<testsuite skipped="0" hostname="DESKTOP-L5PC32J" name="com.crm.qa.testcases.LoginPageTest" tests="3" failures="0" timestamp="13 Jun 2019 04:29:30 GMT" time="35.801" errors="0">
  <testcase name="loginPageTitleTest" time="10.537" classname="com.crm.qa.testcases.LoginPageTest"/>
  <testcase name="crmLogoImageTest" time="10.158" classname="com.crm.qa.testcases.LoginPageTest"/>
  <testcase name="loginTest" time="15.106" classname="com.crm.qa.testcases.LoginPageTest"/>
</testsuite> <!-- com.crm.qa.testcases.LoginPageTest -->
