<?xml version="1.0" encoding="UTF-8"?>
<!-- Generated by org.testng.reporters.JUnitReportReporter -->
<testsuite skipped="0" hostname="DESKTOP-L5PC32J" name="com.crm.qa.testcases.ContactsPageTest" tests="6" failures="0" timestamp="13 Jun 2019 04:29:30 GMT" time="125.380" errors="0">
  <testcase name="verifyContactsPageLabelTest" time="16.115" classname="com.crm.qa.testcases.ContactsPageTest"/>
  <testcase name="selectContactsTest" time="16.827" classname="com.crm.qa.testcases.ContactsPageTest"/>
  <testcase name="selectMutltipleContactsTes" time="17.480" classname="com.crm.qa.testcases.ContactsPageTest"/>
  <testcase name="validateCreateNewContact" time="29.571" classname="com.crm.qa.testcases.ContactsPageTest"/>
  <testcase name="validateCreateNewContact" time="21.601" classname="com.crm.qa.testcases.ContactsPageTest"/>
  <testcase name="validateCreateNewContact" time="23.786" classname="com.crm.qa.testcases.ContactsPageTest"/>
</testsuite> <!-- com.crm.qa.testcases.ContactsPageTest -->
